Using pre-set license
Built from '6000.0/release' branch; Version is '6000.0.35f1 (9a3bc604008a) revision 10107846'; Using compiler version '193933523'; Build Type 'Release'
OS: 'Windows 11  (10.0.26100) 64bit Professional' Language: 'th' Physical Memory: 32530 MB
BatchMode: 1, IsHumanControllingUs: 0, StartBugReporterOnCrash: 0, Is64bit: 1, IsPro: 1

COMMAND LINE ARGUMENTS:
D:\Work\6000.0.35f1\Editor\Unity.exe
-adb2
-batchMode
-noUpm
-name
AssetImportWorker0
-projectPath
D:/Work/My project (8)
-logFile
Logs/AssetImportWorker0.log
-srvPort
50734
-job-worker-count
13
-background-job-worker-count
8
-gc-helper-count
1
Successfully changed project path to: D:/Work/My project (8)
D:/Work/My project (8)
[UnityMemory] Configuration Parameters - Can be set up in boot.config
    "memorysetup-bucket-allocator-granularity=16"
    "memorysetup-bucket-allocator-bucket-count=8"
    "memorysetup-bucket-allocator-block-size=33554432"
    "memorysetup-bucket-allocator-block-count=8"
    "memorysetup-main-allocator-block-size=16777216"
    "memorysetup-thread-allocator-block-size=16777216"
    "memorysetup-gfx-main-allocator-block-size=16777216"
    "memorysetup-gfx-thread-allocator-block-size=16777216"
    "memorysetup-cache-allocator-block-size=4194304"
    "memorysetup-typetree-allocator-block-size=2097152"
    "memorysetup-profiler-bucket-allocator-granularity=16"
    "memorysetup-profiler-bucket-allocator-bucket-count=8"
    "memorysetup-profiler-bucket-allocator-block-size=33554432"
    "memorysetup-profiler-bucket-allocator-block-count=8"
    "memorysetup-profiler-allocator-block-size=16777216"
    "memorysetup-profiler-editor-allocator-block-size=1048576"
    "memorysetup-temp-allocator-size-main=16777216"
    "memorysetup-job-temp-allocator-block-size=2097152"
    "memorysetup-job-temp-allocator-block-size-background=1048576"
    "memorysetup-job-temp-allocator-reduction-small-platforms=262144"
    "memorysetup-allocator-temp-initial-block-size-main=262144"
    "memorysetup-allocator-temp-initial-block-size-worker=262144"
    "memorysetup-temp-allocator-size-background-worker=32768"
    "memorysetup-temp-allocator-size-job-worker=262144"
    "memorysetup-temp-allocator-size-preload-manager=33554432"
    "memorysetup-temp-allocator-size-nav-mesh-worker=65536"
    "memorysetup-temp-allocator-size-audio-worker=65536"
    "memorysetup-temp-allocator-size-cloud-worker=32768"
    "memorysetup-temp-allocator-size-gi-baking-worker=262144"
    "memorysetup-temp-allocator-size-gi-baking-worker=262144"
    "memorysetup-temp-allocator-size-gi-baking-worker=262144"
    "memorysetup-temp-allocator-size-gi-baking-worker=262144"
    "memorysetup-temp-allocator-size-gi-baking-worker=262144"
    "memorysetup-temp-allocator-size-gfx=262144"
Player connection [41096]  Target information:

Player connection [41096]  * "[IP] 192.168.1.113 [Port] 0 [Flags] 2 [Guid] 3249278804 [EditorId] 3249278804 [Version] 1048832 [Id] WindowsEditor(7,DESKTOP-LCK30J2) [Debug] 1 [PackageName] WindowsEditor [ProjectName] Editor" 

Player connection [41096] Host joined multi-casting on [225.0.0.222:54997]...
Player connection [41096] Host joined alternative multi-casting on [225.0.0.222:34997]...
JobSystem: Creating JobQueue using job-worker-count value 13
Input System module state changed to: Initialized.
[Physics::Module] Initialized fallback backend.
[Physics::Module] Id: 0xdecafbad
Library Redirect Path: Library/
[Physics::Module] Selected backend.
[Physics::Module] Name: PhysX
[Physics::Module] Id: 0xf2b8ea05
[Physics::Module] SDK Version: 4.1.2
[Physics::Module] Integration Version: 1.0.0
[Physics::Module] Threading Mode: Multi-Threaded
Refreshing native plugins compatible for Editor in 1.24 ms, found 3 plugins.
Preloading 0 native plugins for Editor in 0.00 ms.
Initialize engine version: 6000.0.35f1 (9a3bc604008a)
[Subsystems] Discovering subsystems at path D:/Work/6000.0.35f1/Editor/Data/Resources/UnitySubsystems
[Subsystems] Discovering subsystems at path D:/Work/My project (8)/Assets
GfxDevice: creating device client; kGfxThreadingModeNonThreaded
Direct3D:
    Version:  Direct3D 11.0 [level 11.1]
    Renderer: NVIDIA GeForce RTX 4060 (ID=0x2882)
    Vendor:   NVIDIA
    VRAM:     7957 MB
    Driver:   32.0.15.7270
Initialize mono
Mono path[0] = 'D:/Work/6000.0.35f1/Editor/Data/Managed'
Mono path[1] = 'D:/Work/6000.0.35f1/Editor/Data/MonoBleedingEdge/lib/mono/unityjit-win32'
Mono config path = 'D:/Work/6000.0.35f1/Editor/Data/MonoBleedingEdge/etc'
Using monoOptions --debugger-agent=transport=dt_socket,embedding=1,server=y,suspend=n,address=127.0.0.1:56736
Begin MonoManager ReloadAssembly
Registering precompiled unity dll's ...
Register platform support module: D:/Work/6000.0.35f1/Editor/Data/PlaybackEngines/WindowsStandaloneSupport/UnityEditor.WindowsStandalone.Extensions.dll
Register platform support module: D:/Work/6000.0.35f1/Editor/Data/PlaybackEngines/AndroidPlayer/UnityEditor.Android.Extensions.dll
Register platform support module: D:/Work/6000.0.35f1/Editor/Data/PlaybackEngines/iOSSupport/UnityEditor.iOS.Extensions.dll
Registered in 0.002167 seconds.
- Loaded All Assemblies, in  0.419 seconds
[usbmuxd] Start listen thread
[usbmuxd] Listen thread started
[usbmuxd] Send listen message
Native extension for iOS target not found
Native extension for Android target not found
Android Extension - Scanning For ADB Devices 696 ms
Native extension for WindowsStandalone target not found
Mono: successfully reloaded assembly
- Finished resetting the current domain, in  1.003 seconds
Domain Reload Profiling: 1422ms
	BeginReloadAssembly (155ms)
		ExecutionOrderSort (0ms)
		DisableScriptedObjects (0ms)
		BackupInstance (0ms)
		ReleaseScriptingObjects (0ms)
		CreateAndSetChildDomain (1ms)
	RebuildCommonClasses (37ms)
	RebuildNativeTypeToScriptingClass (10ms)
	initialDomainReloadingComplete (41ms)
	LoadAllAssembliesAndSetupDomain (176ms)
		LoadAssemblies (155ms)
		RebuildTransferFunctionScriptingTraits (0ms)
		AnalyzeDomain (172ms)
			TypeCache.Refresh (170ms)
				TypeCache.ScanAssembly (158ms)
			BuildScriptInfoCaches (0ms)
			ResolveRequiredComponents (1ms)
	FinalizeReload (1003ms)
		ReleaseScriptCaches (0ms)
		RebuildScriptCaches (0ms)
		SetupLoadedEditorAssemblies (960ms)
			LogAssemblyErrors (0ms)
			InitializePlatformSupportModulesInManaged (781ms)
			SetLoadedEditorAssemblies (3ms)
			BeforeProcessingInitializeOnLoad (42ms)
			ProcessInitializeOnLoadAttributes (88ms)
			ProcessInitializeOnLoadMethodAttributes (46ms)
			AfterProcessingInitializeOnLoad (0ms)
			EditorAssembliesLoaded (0ms)
		ExecutionOrderSort2 (0ms)
		AwakeInstancesAfterBackupRestoration (0ms)
========================================================================
Worker process is ready to serve import requests
Import Worker Mode flag is 0x00
Begin MonoManager ReloadAssembly
Assembly 'Library/ScriptAssemblies/Unity.CollabProxy.Editor.dll' will not be loaded due to errors:
Unable to resolve reference 'unityplastic'. Is the assembly missing or incompatible with the current platform?
Reference validation can be disabled in the Plugin Inspector.
Assembly 'Library/ScriptAssemblies/Unity.PlasticSCM.Editor.dll' will not be loaded due to errors:
Unable to resolve reference 'Unity.Plastic.Newtonsoft.Json'. Is the assembly missing or incompatible with the current platform?
Reference validation can be disabled in the Plugin Inspector.
Unable to resolve reference 'unityplastic'. Is the assembly missing or incompatible with the current platform?
Reference validation can be disabled in the Plugin Inspector.
- Loaded All Assemblies, in  1.112 seconds
Assertion failed on expression: 'IsFileCreated(assemblyPath)'
Assertion failed on expression: 'IsFileCreated(assemblyPath)'
Compilation Pipeline: Could not read file Packages/com.unity.collab-proxy/Editor/Toolbar/Unity.CollabProxy.Editor.asmdef
Fatal Error! Compilation Pipeline: Could not read file Packages/com.unity.collab-proxy/Editor/Toolbar/Unity.CollabProxy.Editor.asmdef
Crash!!!
SymInit: Symbol-SearchPath: 'D:/Work/6000.0.35f1/Editor/Data/Mono;.;D:\Work\My project (8);D:\Work\My project (8)\Library\BurstCache\JIT;D:\Work\6000.0.35f1\Editor;C:\WINDOWS;C:\WINDOWS\system32;', symOptions: 534, UserName: 'Phukao'
OS-Version: 10.0.0
D:\Work\6000.0.35f1\Editor\Unity.exe:Unity.exe (00007FF60BD60000), size: 299008 (result: 0), SymType: '-deferred-', PDB: '', fileVersion: 6000.0.35.15302
C:\WINDOWS\SYSTEM32\ntdll.dll:ntdll.dll (00007FFE7B000000), size: 2502656 (result: 0), SymType: '-deferred-', PDB: '', fileVersion: 10.0.26100.3323
C:\WINDOWS\System32\KERNEL32.DLL:KERNEL32.DLL (00007FFE79720000), size: 815104 (result: 0), SymType: '-deferred-', PDB: '', fileVersion: 10.0.26100.3323
C:\WINDOWS\System32\KERNELBASE.dll:KERNELBASE.dll (00007FFE784C0000), size: 3969024 (result: 0), SymType: '-deferred-', PDB: '', fileVersion: 10.0.26100.3470
C:\WINDOWS\System32\USER32.dll:USER32.dll (00007FFE78F50000), size: 1875968 (result: 0), SymType: '-deferred-', PDB: '', fileVersion: 10.0.26100.3323
C:\WINDOWS\System32\win32u.dll:win32u.dll (00007FFE78DF0000), size: 159744 (result: 0), SymType: '-deferred-', PDB: '', fileVersion: 10.0.26100.3470
C:\WINDOWS\System32\GDI32.dll:GDI32.dll (00007FFE7A4F0000), size: 172032 (result: 0), SymType: '-deferred-', PDB: '', fileVersion: 10.0.26100.2033
C:\WINDOWS\System32\gdi32full.dll:gdi32full.dll (00007FFE78A80000), size: 1249280 (result: 0), SymType: '-deferred-', PDB: '', fileVersion: 10.0.26100.3323
C:\WINDOWS\System32\msvcp_win.dll:msvcp_win.dll (00007FFE78410000), size: 667648 (result: 0), SymType: '-deferred-', PDB: '', fileVersion: 10.0.26100.1882
C:\WINDOWS\System32\ucrtbase.dll:ucrtbase.dll (00007FFE78930000), size: 1359872 (result: 0), SymType: '-deferred-', PDB: '', fileVersion: 10.0.26100.3037
C:\WINDOWS\System32\IMM32.DLL:IMM32.DLL (00007FFE7A5B0000), size: 192512 (result: 0), SymType: '-deferred-', PDB: '', fileVersion: 10.0.26100.1150
D:\Work\6000.0.35f1\Editor\Unity.dll:Unity.dll (00007FFD3DE30000), size: 87068672 (result: 0), SymType: '-deferred-', PDB: '', fileVersion: 6000.0.35.15302
C:\WINDOWS\System32\CRYPT32.dll:CRYPT32.dll (00007FFE78290000), size: 1536000 (result: 0), SymType: '-deferred-', PDB: '', fileVersion: 10.0.26100.3323
C:\WINDOWS\System32\ADVAPI32.dll:ADVAPI32.dll (00007FFE79120000), size: 729088 (result: 0), SymType: '-deferred-', PDB: '', fileVersion: 10.0.26100.3323
C:\WINDOWS\System32\msvcrt.dll:msvcrt.dll (00007FFE78EA0000), size: 692224 (result: 0), SymType: '-deferred-', PDB: '', fileVersion: 7.0.26100.1882
D:\Work\6000.0.35f1\Editor\libfbxsdk.dll:libfbxsdk.dll (00007FFD5C190000), size: 8019968 (result: 0), SymType: '-deferred-', PDB: '', fileVersion: 2020.3.7.0
C:\WINDOWS\System32\sechost.dll:sechost.dll (00007FFE7A610000), size: 679936 (result: 0), SymType: '-deferred-', PDB: '', fileVersion: 10.0.26100.3037
D:\Work\6000.0.35f1\Editor\s3tcompress.dll:s3tcompress.dll (00007FFE74F00000), size: 180224 (result: 0), SymType: '-deferred-', PDB: ''
D:\Work\6000.0.35f1\Editor\etccompress.dll:etccompress.dll (00007FFDE69D0000), size: 5070848 (result: 0), SymType: '-deferred-', PDB: ''
C:\WINDOWS\System32\RPCRT4.dll:RPCRT4.dll (00007FFE79800000), size: 1138688 (result: 0), SymType: '-deferred-', PDB: '', fileVersion: 10.0.26100.3037
D:\Work\6000.0.35f1\Editor\ispc_texcomp.dll:ispc_texcomp.dll (00007FFE5E2E0000), size: 1826816 (result: 0), SymType: '-deferred-', PDB: ''
D:\Work\6000.0.35f1\Editor\compress_bc7e.dll:compress_bc7e.dll (00007FFE5E500000), size: 1433600 (result: 0), SymType: '-deferred-', PDB: ''
C:\WINDOWS\System32\ole32.dll:ole32.dll (00007FFE7A0A0000), size: 1658880 (result: 0), SymType: '-deferred-', PDB: '', fileVersion: 10.0.26100.3323
D:\Work\6000.0.35f1\Editor\FreeImage.dll:FreeImage.dll (0000000180000000), size: 5783552 (result: 0), SymType: '-deferred-', PDB: '', fileVersion: 3.18.0.0
C:\WINDOWS\System32\combase.dll:combase.dll (00007FFE7AC30000), size: 3678208 (result: 0), SymType: '-deferred-', PDB: '', fileVersion: 10.0.26100.3323
D:\Work\6000.0.35f1\Editor\umbraoptimizer64.dll:umbraoptimizer64.dll (00007FFE0FAC0000), size: 1187840 (result: 0), SymType: '-deferred-', PDB: ''
D:\Work\6000.0.35f1\Editor\WinPixEventRuntime.dll:WinPixEventRuntime.dll (00007FFE74EF0000), size: 53248 (result: 0), SymType: '-deferred-', PDB: '', fileVersion: 1.0.2201.24001
C:\WINDOWS\System32\WS2_32.dll:WS2_32.dll (00007FFE78E20000), size: 475136 (result: 0), SymType: '-deferred-', PDB: '', fileVersion: 10.0.26100.1882
C:\WINDOWS\System32\SETUPAPI.dll:SETUPAPI.dll (00007FFE79290000), size: 4743168 (result: 0), SymType: '-deferred-', PDB: '', fileVersion: 10.0.26100.3323
C:\WINDOWS\System32\SHELL32.dll:SHELL32.dll (00007FFE79920000), size: 7426048 (result: 0), SymType: '-deferred-', PDB: '', fileVersion: 10.0.26100.3323
C:\WINDOWS\SYSTEM32\MSVCP140.dll:MSVCP140.dll (00007FFE59590000), size: 577536 (result: 0), SymType: '-deferred-', PDB: '', fileVersion: 14.42.34438.0
C:\WINDOWS\SYSTEM32\VCRUNTIME140.dll:VCRUNTIME140.dll (00007FFE59570000), size: 122880 (result: 0), SymType: '-deferred-', PDB: '', fileVersion: 14.42.34438.0
C:\WINDOWS\System32\wintypes.dll:wintypes.dll (00007FFE78C80000), size: 1474560 (result: 0), SymType: '-deferred-', PDB: '', fileVersion: 10.0.26100.3037
C:\WINDOWS\SYSTEM32\VCRUNTIME140_1.dll:VCRUNTIME140_1.dll (00007FFE57770000), size: 49152 (result: 0), SymType: '-deferred-', PDB: '', fileVersion: 14.42.34438.0
C:\WINDOWS\System32\SHLWAPI.dll:SHLWAPI.dll (00007FFE7A410000), size: 380928 (result: 0), SymType: '-deferred-', PDB: '', fileVersion: 10.0.26100.3037
C:\WINDOWS\System32\OLEAUT32.dll:OLEAUT32.dll (00007FFE7AB50000), size: 876544 (result: 0), SymType: '-deferred-', PDB: '', fileVersion: 10.0.26100.3323
C:\WINDOWS\SYSTEM32\bcrypt.dll:bcrypt.dll (00007FFE77B30000), size: 155648 (result: 0), SymType: '-deferred-', PDB: '', fileVersion: 10.0.26100.3037
C:\WINDOWS\SYSTEM32\d3d11.dll:d3d11.dll (00007FFE73AF0000), size: 2514944 (result: 0), SymType: '-deferred-', PDB: '', fileVersion: 10.0.26100.3323
C:\WINDOWS\System32\WINTRUST.dll:WINTRUST.dll (00007FFE78200000), size: 520192 (result: 0), SymType: '-deferred-', PDB: '', fileVersion: 10.0.26100.3323
C:\WINDOWS\SYSTEM32\d3d12.dll:d3d12.dll (00007FFE45500000), size: 143360 (result: 0), SymType: '-deferred-', PDB: '', fileVersion: 10.0.26100.3323
C:\WINDOWS\SYSTEM32\dwmapi.dll:dwmapi.dll (00007FFE75550000), size: 217088 (result: 0), SymType: '-deferred-', PDB: '', fileVersion: 10.0.26100.3323
C:\WINDOWS\SYSTEM32\dxgi.dll:dxgi.dll (00007FFE753F0000), size: 1236992 (result: 0), SymType: '-deferred-', PDB: '', fileVersion: 10.0.26100.3323
C:\WINDOWS\SYSTEM32\IPHLPAPI.DLL:IPHLPAPI.DLL (00007FFE76AF0000), size: 208896 (result: 0), SymType: '-deferred-', PDB: '', fileVersion: 10.0.26100.3323
C:\WINDOWS\SYSTEM32\HID.DLL:HID.DLL (00007FFE76770000), size: 61440 (result: 0), SymType: '-deferred-', PDB: '', fileVersion: 10.0.26100.1150
C:\WINDOWS\SYSTEM32\OPENGL32.dll:OPENGL32.dll (00007FFDC2F90000), size: 1097728 (result: 0), SymType: '-deferred-', PDB: '', fileVersion: 10.0.26100.3323
C:\WINDOWS\SYSTEM32\WINHTTP.dll:WINHTTP.dll (00007FFE71590000), size: 1171456 (result: 0), SymType: '-deferred-', PDB: '', fileVersion: 10.0.26100.3323
C:\WINDOWS\SYSTEM32\WINMM.dll:WINMM.dll (00007FFE6B2D0000), size: 221184 (result: 0), SymType: '-deferred-', PDB: '', fileVersion: 10.0.26100.3323
C:\WINDOWS\SYSTEM32\GLU32.dll:GLU32.dll (00007FFDE32D0000), size: 184320 (result: 0), SymType: '-deferred-', PDB: '', fileVersion: 10.0.26100.1150
C:\WINDOWS\SYSTEM32\VERSION.dll:VERSION.dll (00007FFE71B20000), size: 45056 (result: 0), SymType: '-deferred-', PDB: '', fileVersion: 10.0.26100.1150
D:\Work\6000.0.35f1\Editor\SketchUpAPI.dll:SketchUpAPI.dll (00007FFD5B8F0000), size: 8990720 (result: 0), SymType: '-deferred-', PDB: '', fileVersion: 23.0.0.0
D:\Work\6000.0.35f1\Editor\NativeProxyHelper.dll:NativeProxyHelper.dll (00007FFDE87C0000), size: 1789952 (result: 0), SymType: '-deferred-', PDB: ''
C:\WINDOWS\SYSTEM32\WSOCK32.dll:WSOCK32.dll (00007FFE445A0000), size: 40960 (result: 0), SymType: '-deferred-', PDB: '', fileVersion: 10.0.26100.1
C:\WINDOWS\SYSTEM32\dxcore.dll:dxcore.dll (00007FFE75340000), size: 290816 (result: 0), SymType: '-deferred-', PDB: '', fileVersion: 10.0.26100.3323
D:\Work\6000.0.35f1\Editor\SketchUpCommonPreferences.dll:SketchUpCommonPreferences.dll (00007FFE63130000), size: 499712 (result: 0), SymType: '-deferred-', PDB: '', fileVersion: 23.0.0.0
C:\WINDOWS\SYSTEM32\Secur32.dll:Secur32.dll (00007FFE75040000), size: 53248 (result: 0), SymType: '-deferred-', PDB: '', fileVersion: 10.0.26100.1
C:\WINDOWS\SYSTEM32\SSPICLI.DLL:SSPICLI.DLL (00007FFE773D0000), size: 294912 (result: 0), SymType: '-deferred-', PDB: '', fileVersion: 10.0.26100.3037
D:\Work\6000.0.35f1\Editor\OpenRL.dll:OpenRL.dll (0000023775910000), size: 12779520 (result: 0), SymType: '-deferred-', PDB: '', fileVersion: 1.5.0.2907
C:\WINDOWS\SYSTEM32\MSVCP100.dll:MSVCP100.dll (00000000699C0000), size: 622592 (result: 0), SymType: '-deferred-', PDB: '', fileVersion: 10.0.40219.325
C:\WINDOWS\SYSTEM32\MSVCR100.dll:MSVCR100.dll (0000000069A60000), size: 860160 (result: 0), SymType: '-deferred-', PDB: '', fileVersion: 10.0.40219.325
C:\WINDOWS\SYSTEM32\cfgmgr32.DLL:cfgmgr32.DLL (00007FFE77E90000), size: 389120 (result: 0), SymType: '-deferred-', PDB: '', fileVersion: 10.0.26100.3323
D:\Work\6000.0.35f1\Editor\embree.dll:embree.dll (00007FFD4FF40000), size: 16711680 (result: 0), SymType: '-deferred-', PDB: '', fileVersion: 2.14.0.0
C:\WINDOWS\SYSTEM32\MSWSOCK.DLL:MSWSOCK.DLL (00007FFE77650000), size: 434176 (result: 0), SymType: '-deferred-', PDB: '', fileVersion: 10.0.26100.3194
D:\Work\6000.0.35f1\Editor\tbb.dll:tbb.dll (00007FFE5E290000), size: 303104 (result: 0), SymType: '-deferred-', PDB: '', fileVersion: 2020.3.2022.1111
D:\Work\6000.0.35f1\Editor\OpenRL_pthread.dll:OpenRL_pthread.dll (0000023775800000), size: 61440 (result: 0), SymType: '-deferred-', PDB: '', fileVersion: 2.9.0.0
C:\WINDOWS\SYSTEM32\directxdatabasehelper.dll:directxdatabasehelper.dll (00007FFE75390000), size: 380928 (result: 0), SymType: '-deferred-', PDB: '', fileVersion: 10.0.26100.3323
C:\WINDOWS\SYSTEM32\kernel.appcore.dll:kernel.appcore.dll (00007FFE77130000), size: 106496 (result: 0), SymType: '-deferred-', PDB: '', fileVersion: 10.0.26100.1591
C:\WINDOWS\System32\bcryptPrimitives.dll:bcryptPrimitives.dll (00007FFE78890000), size: 626688 (result: 0), SymType: '-deferred-', PDB: '', fileVersion: 10.0.26100.3037
C:\WINDOWS\SYSTEM32\MSASN1.dll:MSASN1.dll (00007FFE77960000), size: 77824 (result: 0), SymType: '-deferred-', PDB: '', fileVersion: 10.0.26100.2894
C:\WINDOWS\system32\uxtheme.dll:uxtheme.dll (00007FFE751B0000), size: 712704 (result: 0), SymType: '-deferred-', PDB: '', fileVersion: 10.0.26100.3323
C:\WINDOWS\SYSTEM32\windows.storage.dll:windows.storage.dll (00007FFE75F20000), size: 8671232 (result: 0), SymType: '-deferred-', PDB: '', fileVersion: 10.0.26100.3470
C:\WINDOWS\System32\SHCORE.dll:SHCORE.dll (00007FFE7AA00000), size: 962560 (result: 0), SymType: '-deferred-', PDB: '', fileVersion: 10.0.26100.3470
C:\WINDOWS\SYSTEM32\profapi.dll:profapi.dll (00007FFE78110000), size: 192512 (result: 0), SymType: '-deferred-', PDB: '', fileVersion: 10.0.26100.3323
C:\WINDOWS\system32\IconCodecService.dll:IconCodecService.dll (00007FFE593A0000), size: 45056 (result: 0), SymType: '-deferred-', PDB: '', fileVersion: 10.0.26100.1
C:\WINDOWS\SYSTEM32\WindowsCodecs.dll:WindowsCodecs.dll (00007FFE735D0000), size: 2285568 (result: 0), SymType: '-deferred-', PDB: '', fileVersion: 10.0.26100.3323
C:\WINDOWS\System32\clbcatq.dll:clbcatq.dll (00007FFE791E0000), size: 688128 (result: 0), SymType: '-deferred-', PDB: '', fileVersion: 2001.12.10941.16384
C:\WINDOWS\System32\netprofm.dll:netprofm.dll (00007FFE72F40000), size: 413696 (result: 0), SymType: '-deferred-', PDB: '', fileVersion: 10.0.26100.2454
C:\WINDOWS\System32\NSI.dll:NSI.dll (00007FFE7A040000), size: 40960 (result: 0), SymType: '-deferred-', PDB: '', fileVersion: 10.0.26100.2894
C:\WINDOWS\SYSTEM32\dhcpcsvc6.DLL:dhcpcsvc6.DLL (00007FFE71B60000), size: 126976 (result: 0), SymType: '-deferred-', PDB: '', fileVersion: 10.0.26100.3323
C:\WINDOWS\SYSTEM32\dhcpcsvc.DLL:dhcpcsvc.DLL (00007FFE71B30000), size: 151552 (result: 0), SymType: '-deferred-', PDB: '', fileVersion: 10.0.26100.3323
C:\WINDOWS\SYSTEM32\DNSAPI.dll:DNSAPI.dll (00007FFE76B80000), size: 1200128 (result: 0), SymType: '-deferred-', PDB: '', fileVersion: 10.0.26100.3323
C:\WINDOWS\System32\npmproxy.dll:npmproxy.dll (00007FFE70560000), size: 102400 (result: 0), SymType: '-deferred-', PDB: '', fileVersion: 10.0.26100.1150
C:\WINDOWS\system32\napinsp.dll:napinsp.dll (00007FFE2B980000), size: 98304 (result: 0), SymType: '-deferred-', PDB: '', fileVersion: 10.0.26100.1150
C:\WINDOWS\System32\winrnr.dll:winrnr.dll (00007FFE2B960000), size: 73728 (result: 0), SymType: '-deferred-', PDB: '', fileVersion: 10.0.26100.1882
C:\WINDOWS\system32\nlansp_c.dll:nlansp_c.dll (00007FFE2B930000), size: 139264 (result: 0), SymType: '-deferred-', PDB: '', fileVersion: 10.0.26100.3037
C:\WINDOWS\system32\wshbth.dll:wshbth.dll (00007FFE72090000), size: 90112 (result: 0), SymType: '-deferred-', PDB: '', fileVersion: 10.0.26100.1882
C:\WINDOWS\System32\fwpuclnt.dll:fwpuclnt.dll (00007FFE707B0000), size: 544768 (result: 0), SymType: '-deferred-', PDB: '', fileVersion: 10.0.26100.3323
C:\Windows\System32\rasadhlp.dll:rasadhlp.dll (00007FFE603B0000), size: 45056 (result: 0), SymType: '-deferred-', PDB: '', fileVersion: 10.0.26100.1150
D:\Work\6000.0.35f1\Editor\AMDUnityPlugin.DLL:AMDUnityPlugin.DLL (00007FFD4DEC0000), size: 8814592 (result: 0), SymType: '-deferred-', PDB: ''
D:\Work\6000.0.35f1\Editor\NVUnityPlugin.DLL:NVUnityPlugin.DLL (00007FFD595F0000), size: 1609728 (result: 0), SymType: '-deferred-', PDB: ''
D:\Work\6000.0.35f1\Editor\Data\Tools\astcenc-avx2.dll:astcenc-avx2.dll (00007FFD853C0000), size: 364544 (result: 0), SymType: '-deferred-', PDB: ''
C:\WINDOWS\System32\MMDevApi.dll:MMDevApi.dll (00007FFE6C090000), size: 630784 (result: 0), SymType: '-deferred-', PDB: '', fileVersion: 10.0.26100.3323
C:\WINDOWS\System32\DEVOBJ.dll:DEVOBJ.dll (00007FFE77E60000), size: 184320 (result: 0), SymType: '-deferred-', PDB: '', fileVersion: 10.0.26100.1150
C:\WINDOWS\System32\DriverStore\FileRepository\nv_dispi.inf_amd64_0fb2df354c49e826\nvldumdx.dll:nvldumdx.dll (00007FFE70390000), size: 794624 (result: 0), SymType: '-deferred-', PDB: '', fileVersion: 32.0.15.7270
C:\WINDOWS\SYSTEM32\cryptnet.dll:cryptnet.dll (00007FFE702E0000), size: 241664 (result: 0), SymType: '-deferred-', PDB: '', fileVersion: 10.0.26100.3037
C:\WINDOWS\SYSTEM32\cryptbase.dll:cryptbase.dll (00007FFE778F0000), size: 49152 (result: 0), SymType: '-deferred-', PDB: '', fileVersion: 10.0.26100.2894
C:\WINDOWS\SYSTEM32\wldp.dll:wldp.dll (00007FFE779D0000), size: 380928 (result: 0), SymType: '-deferred-', PDB: '', fileVersion: 10.0.26100.3037
C:\WINDOWS\SYSTEM32\drvstore.dll:drvstore.dll (00007FFE70150000), size: 1552384 (result: 0), SymType: '-deferred-', PDB: '', fileVersion: 10.0.26100.3323
C:\WINDOWS\System32\imagehlp.dll:imagehlp.dll (00007FFE7A250000), size: 131072 (result: 0), SymType: '-deferred-', PDB: '', fileVersion: 10.0.26100.1150
C:\WINDOWS\SYSTEM32\CRYPTSP.dll:CRYPTSP.dll (00007FFE77900000), size: 114688 (result: 0), SymType: '-deferred-', PDB: '', fileVersion: 10.0.26100.2454
C:\WINDOWS\system32\rsaenh.dll:rsaenh.dll (00007FFE77090000), size: 237568 (result: 0), SymType: '-deferred-', PDB: '', fileVersion: 10.0.26100.3323
C:\WINDOWS\System32\DriverStore\FileRepository\nv_dispi.inf_amd64_0fb2df354c49e826\nvgpucomp64.dll:nvgpucomp64.dll (00007FFE6C650000), size: 58306560 (result: 0), SymType: '-deferred-', PDB: '', fileVersion: 32.0.15.7270
C:\WINDOWS\System32\DriverStore\FileRepository\nv_dispi.inf_amd64_0fb2df354c49e826\Display.NvContainer\NvMessageBus.dll:NvMessageBus.dll (00007FFE62C30000), size: 3551232 (result: 0), SymType: '-deferred-', PDB: '', fileVersion: 3.15.3538.9611
C:\WINDOWS\System32\DriverStore\FileRepository\nv_dispi.inf_amd64_0fb2df354c49e826\NvMemMapStoragex.dll:NvMemMapStoragex.dll (00007FFE6B310000), size: 880640 (result: 0), SymType: '-deferred-', PDB: ''
C:\WINDOWS\SYSTEM32\POWRPROF.dll:POWRPROF.dll (00007FFE76EB0000), size: 319488 (result: 0), SymType: '-deferred-', PDB: '', fileVersion: 10.0.26100.1150
C:\WINDOWS\SYSTEM32\UMPDC.dll:UMPDC.dll (00007FFE76E90000), size: 81920 (result: 0), SymType: '-deferred-', PDB: '', fileVersion: 10.0.26100.1301
C:\WINDOWS\System32\DriverStore\FileRepository\nv_dispi.inf_amd64_0fb2df354c49e826\nvwgf2umx.dll:nvwgf2umx.dll (00007FFE63860000), size: 87109632 (result: 0), SymType: '-deferred-', PDB: '', fileVersion: 32.0.15.7270
C:\WINDOWS\system32\nvspcap64.dll:nvspcap64.dll (00007FFE35000000), size: 3162112 (result: 0), SymType: '-deferred-', PDB: '', fileVersion: 11.0.2.337
C:\WINDOWS\SYSTEM32\ntmarta.dll:ntmarta.dll (00007FFE77250000), size: 217088 (result: 0), SymType: '-deferred-', PDB: '', fileVersion: 10.0.26100.1150
C:\WINDOWS\System32\DriverStore\FileRepository\nv_dispi.inf_amd64_0fb2df354c49e826\nvppex.dll:nvppex.dll (00007FFE44770000), size: 1785856 (result: 0), SymType: '-deferred-', PDB: '', fileVersion: 32.0.15.7270
C:\WINDOWS\system32\wbem\wbemprox.dll:wbemprox.dll (00007FFE62390000), size: 73728 (result: 0), SymType: '-deferred-', PDB: '', fileVersion: 10.0.26100.1000
C:\WINDOWS\SYSTEM32\wbemcomn.dll:wbemcomn.dll (00007FFE61F90000), size: 499712 (result: 0), SymType: '-deferred-', PDB: '', fileVersion: 10.0.26100.1150
C:\WINDOWS\system32\wbem\wbemsvc.dll:wbemsvc.dll (00007FFE62370000), size: 86016 (result: 0), SymType: '-deferred-', PDB: '', fileVersion: 10.0.26100.1000
C:\WINDOWS\system32\wbem\fastprox.dll:fastprox.dll (00007FFE61AE0000), size: 983040 (result: 0), SymType: '-deferred-', PDB: '', fileVersion: 10.0.26100.3323
C:\WINDOWS\SYSTEM32\amsi.dll:amsi.dll (00007FFE5DFD0000), size: 118784 (result: 0), SymType: '-deferred-', PDB: '', fileVersion: 10.0.26100.1150
C:\WINDOWS\SYSTEM32\USERENV.dll:USERENV.dll (00007FFE776F0000), size: 176128 (result: 0), SymType: '-deferred-', PDB: '', fileVersion: 10.0.26100.2454
C:\ProgramData\Microsoft\Windows Defender\Platform\4.18.25010.11-0\MpOav.dll:MpOav.dll (00007FFE5DF40000), size: 528384 (result: 0), SymType: '-deferred-', PDB: '', fileVersion: 4.18.25010.11
C:\WINDOWS\SYSTEM32\opencl.dll:opencl.dll (00007FFE5E6B0000), size: 483328 (result: 0), SymType: '-deferred-', PDB: '', fileVersion: 3.0.6.0
D:\Work\6000.0.35f1\Editor\radeonrays.dll:radeonrays.dll (00007FFE1E110000), size: 344064 (result: 0), SymType: '-deferred-', PDB: ''
D:\Work\6000.0.35f1\Editor\Data\MonoBleedingEdge\EmbedRuntime\mono-2.0-bdwgc.dll:mono-2.0-bdwgc.dll (00007FFD4D470000), size: 10756096 (result: 0), SymType: '-deferred-', PDB: ''
D:\Work\6000.0.35f1\Editor\Data\PlaybackEngines\iOSSupport\x64\UnityEditor.iOS.Native.dll:UnityEditor.iOS.Native.dll (00007FFE5E660000), size: 311296 (result: 0), SymType: '-deferred-', PDB: ''
C:\WINDOWS\SYSTEM32\PROPSYS.dll:PROPSYS.dll (00007FFE72110000), size: 1032192 (result: 0), SymType: '-deferred-', PDB: '', fileVersion: 7.0.26100.3323
C:\WINDOWS\SYSTEM32\edputil.dll:edputil.dll (00007FFE56A50000), size: 167936 (result: 0), SymType: '-deferred-', PDB: '', fileVersion: 10.0.26100.3037
C:\Windows\System32\Windows.StateRepositoryPS.dll:Windows.StateRepositoryPS.dll (00007FFE5EE20000), size: 802816 (result: 0), SymType: '-deferred-', PDB: '', fileVersion: 10.0.26100.1882
C:\WINDOWS\SYSTEM32\urlmon.dll:urlmon.dll (00007FFE5EC40000), size: 1949696 (result: 0), SymType: '-deferred-', PDB: '', fileVersion: 11.0.26100.3470
C:\WINDOWS\SYSTEM32\iertutil.dll:iertutil.dll (00007FFE5E970000), size: 2924544 (result: 0), SymType: '-deferred-', PDB: '', fileVersion: 11.0.26100.3470
C:\WINDOWS\SYSTEM32\srvcli.dll:srvcli.dll (00007FFE5E860000), size: 167936 (result: 0), SymType: '-deferred-', PDB: '', fileVersion: 10.0.26100.1150
C:\WINDOWS\SYSTEM32\netutils.dll:netutils.dll (00007FFE76AE0000), size: 53248 (result: 0), SymType: '-deferred-', PDB: '', fileVersion: 10.0.26100.1882
C:\WINDOWS\SYSTEM32\virtdisk.dll:virtdisk.dll (00007FFE5ADF0000), size: 94208 (result: 0), SymType: '-deferred-', PDB: '', fileVersion: 10.0.26100.1591
C:\WINDOWS\SYSTEM32\dbghelp.dll:dbghelp.dll (00007FFE75CA0000), size: 2363392 (result: 0), SymType: '-deferred-', PDB: '', fileVersion: 10.0.26100.3037

========== OUTPUTTING STACK TRACE ==================

0x00007FFE7858AB6A (KERNELBASE) RaiseException
0x00007FFD3F9CC835 (Unity) EditorMonoConsole::LogToConsoleImplementation
0x00007FFD3F9CD4FA (Unity) EditorMonoConsole::LogToConsoleImplementation
0x00007FFD4067CABD (Unity) DebugStringToFilePostprocessedStacktrace
0x00007FFD4067BE58 (Unity) DebugStringToFile
0x00007FFD3FF823AC (Unity) RegisterAssemblyDefinition
0x00007FFD403B0C66 (Unity) ProcessAssemblyAssets
0x00007FFD403B1976 (Unity) UpdateScriptCompilationPipelineCaches
0x00007FFD402C8504 (Unity) AssetImportWorkerClient::RegisterTransientArtifacts
0x00007FFD402C878A (Unity) AssetImportWorkerClient::ReloadScriptingDomain
0x00007FFD402A3427 (Unity) <lambda_f96845ab1106210ce31769f863340c0d>::operator()
0x00007FFD4038604E (Unity) asio::detail::completion_handler<core::mutable_function<void __cdecl(void)>,asio::io_context::basic_executor_type<std::allocator<void>,0> >::do_complete
0x00007FFD403738DA (Unity) asio::detail::win_iocp_io_context::do_one
0x00007FFD40374C0E (Unity) asio::detail::win_iocp_io_context::run
0x00007FFD4038466C (Unity) IOService::Run
0x00007FFD402CC806 (Unity) RunAssetImportWorkerClientV2
0x00007FFD402CC8CB (Unity) RunAssetImporterV2
0x00007FFD3FAD7D78 (Unity) Application::InitializeProject
0x00007FFD400DDB45 (Unity) UnityMain
0x00007FF60BD62FBA (Unity) __scrt_common_main_seh
0x00007FFE7974E8D7 (KERNEL32) BaseThreadInitThunk
0x00007FFE7B0BBF6C (ntdll) RtlUserThreadStart

========== END OF STACKTRACE ===========

A crash has been intercepted by the crash handler. For call stack and other details, see the latest crash report generated in:
 * C:/Users/Phukao/AppData/Local/Temp/Unity/Editor/Crashes
